RUN	RinhaBackendSimulation	rinhabackendsimulation	1699820097271	DESCRICAO	3.9.5
USER	Criação E Talvez Consulta de Pessoas	START	1699820098440
USER	Busca Válida de Pessoas	START	1699820098440
USER	Busca Inválida de Pessoas	START	1699820098463
USER	Busca Válida de Pessoas	START	1699820098922
USER	Busca Inválida de Pessoas	START	1699820098924
USER	Criação E Talvez Consulta de Pessoas	START	1699820098926
USER	Busca Válida de Pessoas	START	1699820099424
USER	Busca Inválida de Pessoas	START	1699820099425
USER	Criação E Talvez Consulta de Pessoas	START	1699820099427
USER	Busca Válida de Pessoas	START	1699820099925
USER	Busca Inválida de Pessoas	START	1699820099926
USER	Criação E Talvez Consulta de Pessoas	START	1699820099928
USER	Busca Inválida de Pessoas	START	1699820100426
USER	Busca Válida de Pessoas	START	1699820100426
USER	Criação E Talvez Consulta de Pessoas	START	1699820100427
USER	Criação E Talvez Consulta de Pessoas	START	1699820100922
USER	Busca Válida de Pessoas	START	1699820100922
USER	Busca Inválida de Pessoas	START	1699820100923
REQUEST		busca inválida	1699820099424	1699820101075	OK	 
USER	Busca Inválida de Pessoas	END	1699820101090
REQUEST		busca inválida	1699820099925	1699820101169	OK	 
USER	Busca Inválida de Pessoas	END	1699820101170
REQUEST		busca inválida	1699820098923	1699820101267	OK	 
USER	Busca Inválida de Pessoas	END	1699820101268
REQUEST		busca inválida	1699820098462	1699820101272	OK	 
USER	Busca Inválida de Pessoas	END	1699820101272
USER	Criação E Talvez Consulta de Pessoas	START	1699820101422
USER	Busca Válida de Pessoas	START	1699820101422
USER	Busca Inválida de Pessoas	START	1699820101423
REQUEST		busca inválida	1699820100922	1699820101473	OK	 
USER	Busca Inválida de Pessoas	END	1699820101474
REQUEST		busca inválida	1699820100425	1699820101668	OK	 
USER	Busca Inválida de Pessoas	END	1699820101669
REQUEST		busca inválida	1699820101423	1699820101877	OK	 
USER	Busca Inválida de Pessoas	END	1699820101878
USER	Criação E Talvez Consulta de Pessoas	START	1699820101921
USER	Busca Válida de Pessoas	START	1699820101922
USER	Busca Inválida de Pessoas	START	1699820101923
REQUEST		busca inválida	1699820101922	1699820102175	OK	 
USER	Busca Inválida de Pessoas	END	1699820102176
USER	Busca Válida de Pessoas	START	1699820102422
USER	Criação E Talvez Consulta de Pessoas	START	1699820102422
USER	Busca Inválida de Pessoas	START	1699820102424
REQUEST		busca inválida	1699820102423	1699820102681	OK	 
USER	Busca Inválida de Pessoas	END	1699820102683
USER	Criação E Talvez Consulta de Pessoas	START	1699820102923
USER	Busca Válida de Pessoas	START	1699820102923
USER	Busca Inválida de Pessoas	START	1699820102925
REQUEST		busca inválida	1699820102923	1699820102969	OK	 
USER	Busca Inválida de Pessoas	END	1699820102971
REQUEST		criação	1699820102925	1699820102986	OK	 
USER	Criação E Talvez Consulta de Pessoas	END	1699820103005
USER	Criação E Talvez Consulta de Pessoas	START	1699820103423
USER	Busca Válida de Pessoas	START	1699820103423
USER	Busca Inválida de Pessoas	START	1699820103424
REQUEST		busca inválida	1699820103423	1699820103569	OK	 
USER	Busca Inválida de Pessoas	END	1699820103570
USER	Busca Válida de Pessoas	START	1699820103922
USER	Criação E Talvez Consulta de Pessoas	START	1699820103922
USER	Busca Inválida de Pessoas	START	1699820103922
REQUEST		busca inválida	1699820103922	1699820104274	OK	 
USER	Busca Inválida de Pessoas	END	1699820104275
REQUEST		busca válida	1699820100922	1699820104274	KO	status.find.in([200, 209], 304), found 500
USER	Busca Válida de Pessoas	END	1699820104276
REQUEST		busca válida	1699820099926	1699820104368	KO	status.find.in([200, 209], 304), found 500
REQUEST		busca válida	1699820101423	1699820104368	KO	status.find.in([200, 209], 304), found 500
USER	Busca Válida de Pessoas	END	1699820104369
USER	Busca Válida de Pessoas	END	1699820104369
USER	Criação E Talvez Consulta de Pessoas	START	1699820104422
USER	Busca Válida de Pessoas	START	1699820104422
USER	Busca Inválida de Pessoas	START	1699820104423
REQUEST		busca válida	1699820099425	1699820104568	KO	status.find.in([200, 209], 304), found 500
USER	Busca Válida de Pessoas	END	1699820104568
REQUEST		busca válida	1699820101922	1699820104569	KO	status.find.in([200, 209], 304), found 500
REQUEST		busca válida	1699820100427	1699820104569	KO	status.find.in([200, 209], 304), found 500
REQUEST		busca válida	1699820103922	1699820104569	KO	status.find.in([200, 209], 304), found 500
REQUEST		busca válida	1699820102423	1699820104569	KO	status.find.in([200, 209], 304), found 500
REQUEST		busca válida	1699820098923	1699820104569	KO	status.find.in([200, 209], 304), found 500
REQUEST		busca inválida	1699820104422	1699820104570	OK	 
REQUEST		busca válida	1699820098462	1699820104570	KO	status.find.in([200, 209], 304), found 500
USER	Busca Válida de Pessoas	END	1699820104570
USER	Busca Válida de Pessoas	END	1699820104570
USER	Busca Válida de Pessoas	END	1699820104570
USER	Busca Válida de Pessoas	END	1699820104571
USER	Busca Válida de Pessoas	END	1699820104571
REQUEST		busca válida	1699820102925	1699820104570	KO	status.find.in([200, 209], 304), found 500
USER	Busca Inválida de Pessoas	END	1699820104571
USER	Busca Válida de Pessoas	END	1699820104571
USER	Busca Válida de Pessoas	END	1699820104571
REQUEST		busca válida	1699820103424	1699820104669	KO	status.find.in([200, 209], 304), found 500
REQUEST		busca válida	1699820104422	1699820104669	KO	status.find.in([200, 209], 304), found 500
USER	Busca Válida de Pessoas	END	1699820104669
USER	Busca Válida de Pessoas	END	1699820104669
USER	Busca Válida de Pessoas	START	1699820104922
USER	Criação E Talvez Consulta de Pessoas	START	1699820104922
USER	Busca Inválida de Pessoas	START	1699820104922
REQUEST		busca inválida	1699820104922	1699820104968	OK	 
USER	Busca Inválida de Pessoas	END	1699820104969
REQUEST		busca válida	1699820104922	1699820104970	KO	status.find.in([200, 209], 304), found 500
USER	Busca Válida de Pessoas	END	1699820104971
REQUEST		criação	1699820103922	1699820105075	OK	 
REQUEST		criação	1699820101922	1699820105074	OK	 
REQUEST		criação	1699820099929	1699820105168	OK	 
REQUEST		criação	1699820098927	1699820105169	OK	 
REQUEST		criação	1699820100922	1699820105169	OK	 
REQUEST		criação	1699820104922	1699820105169	OK	 
REQUEST		criação	1699820103424	1699820105177	OK	 
REQUEST		criação	1699820098462	1699820105268	OK	 
REQUEST		criação	1699820100431	1699820105368	OK	 
REQUEST		criação	1699820102423	1699820105368	OK	 
REQUEST		criação	1699820104423	1699820105368	OK	 
REQUEST		criação	1699820101423	1699820105369	OK	 
REQUEST		criação	1699820099428	1699820105370	OK	 
USER	Criação E Talvez Consulta de Pessoas	START	1699820105422
USER	Busca Válida de Pessoas	START	1699820105422
USER	Busca Inválida de Pessoas	START	1699820105422
REQUEST		busca inválida	1699820105422	1699820105468	OK	 
USER	Busca Inválida de Pessoas	END	1699820105469
REQUEST		consulta	1699820105379	1699820105570	OK	 
REQUEST		consulta	1699820105106	1699820105571	OK	 
REQUEST		consulta	1699820105286	1699820105571	OK	 
REQUEST		consulta	1699820105185	1699820105571	OK	 
USER	Criação E Talvez Consulta de Pessoas	END	1699820105571
REQUEST		consulta	1699820105388	1699820105570	OK	 
USER	Criação E Talvez Consulta de Pessoas	END	1699820105572
USER	Criação E Talvez Consulta de Pessoas	END	1699820105572
USER	Criação E Talvez Consulta de Pessoas	END	1699820105572
USER	Criação E Talvez Consulta de Pessoas	END	1699820105572
REQUEST		consulta	1699820105176	1699820105572	OK	 
USER	Criação E Talvez Consulta de Pessoas	END	1699820105573
REQUEST		criação	1699820105422	1699820105668	OK	 
REQUEST		consulta	1699820105177	1699820105671	OK	 
REQUEST		busca válida	1699820105423	1699820105671	KO	status.find.in([200, 209], 304), found 500
REQUEST		consulta	1699820105100	1699820105671	OK	 
REQUEST		consulta	1699820105172	1699820105671	OK	 
REQUEST		consulta	1699820105207	1699820105671	OK	 
USER	Criação E Talvez Consulta de Pessoas	END	1699820105672
USER	Busca Válida de Pessoas	END	1699820105672
USER	Criação E Talvez Consulta de Pessoas	END	1699820105672
USER	Criação E Talvez Consulta de Pessoas	END	1699820105672
USER	Criação E Talvez Consulta de Pessoas	END	1699820105672
REQUEST		consulta	1699820105377	1699820105672	OK	 
USER	Criação E Talvez Consulta de Pessoas	END	1699820105673
REQUEST		consulta	1699820105383	1699820105768	OK	 
USER	Criação E Talvez Consulta de Pessoas	END	1699820105768
REQUEST		consulta	1699820105391	1699820105769	OK	 
REQUEST		consulta	1699820105697	1699820105769	OK	 
USER	Criação E Talvez Consulta de Pessoas	END	1699820105769
USER	Criação E Talvez Consulta de Pessoas	END	1699820105770
USER	Criação E Talvez Consulta de Pessoas	START	1699820105922
USER	Busca Válida de Pessoas	START	1699820105922
USER	Busca Inválida de Pessoas	START	1699820105922
REQUEST		busca inválida	1699820105922	1699820105925	OK	 
USER	Busca Inválida de Pessoas	END	1699820105926
REQUEST		busca válida	1699820105922	1699820105926	KO	status.find.in([200, 209], 304), found 500
USER	Busca Válida de Pessoas	END	1699820105927
REQUEST		criação	1699820105922	1699820105933	OK	 
REQUEST		consulta	1699820105953	1699820105956	OK	 
USER	Criação E Talvez Consulta de Pessoas	END	1699820105957
USER	Criação E Talvez Consulta de Pessoas	START	1699820106422
USER	Busca Válida de Pessoas	START	1699820106422
USER	Busca Inválida de Pessoas	START	1699820106423
REQUEST		busca inválida	1699820106422	1699820106425	OK	 
USER	Busca Inválida de Pessoas	END	1699820106426
REQUEST		busca válida	1699820106423	1699820106426	KO	status.find.in([200, 209], 304), found 500
USER	Busca Válida de Pessoas	END	1699820106427
REQUEST		criação	1699820106423	1699820106437	OK	 
REQUEST		consulta	1699820106467	1699820106470	OK	 
USER	Criação E Talvez Consulta de Pessoas	END	1699820106471
USER	Busca Válida de Pessoas	START	1699820106922
USER	Criação E Talvez Consulta de Pessoas	START	1699820106922
USER	Busca Inválida de Pessoas	START	1699820106922
REQUEST		busca inválida	1699820106922	1699820106925	OK	 
USER	Busca Inválida de Pessoas	END	1699820106925
REQUEST		busca válida	1699820106922	1699820106927	KO	status.find.in([200, 209], 304), found 500
USER	Busca Válida de Pessoas	END	1699820106927
REQUEST		criação	1699820106922	1699820106932	OK	 
REQUEST		consulta	1699820106963	1699820106966	OK	 
USER	Criação E Talvez Consulta de Pessoas	END	1699820106966
USER	Busca Válida de Pessoas	START	1699820107421
USER	Criação E Talvez Consulta de Pessoas	START	1699820107422
USER	Busca Inválida de Pessoas	START	1699820107422
REQUEST		busca inválida	1699820107422	1699820107424	OK	 
USER	Busca Inválida de Pessoas	END	1699820107425
REQUEST		criação	1699820107423	1699820107429	OK	 
REQUEST		busca válida	1699820107422	1699820107433	KO	status.find.in([200, 209], 304), found 500
USER	Busca Válida de Pessoas	END	1699820107434
REQUEST		consulta	1699820107455	1699820107468	OK	 
USER	Criação E Talvez Consulta de Pessoas	END	1699820107469
USER	Busca Válida de Pessoas	START	1699820107922
USER	Criação E Talvez Consulta de Pessoas	START	1699820107922
USER	Busca Inválida de Pessoas	START	1699820107922
REQUEST		busca inválida	1699820107922	1699820107925	OK	 
USER	Busca Inválida de Pessoas	END	1699820107925
REQUEST		busca válida	1699820107922	1699820107927	KO	status.find.in([200, 209], 304), found 500
USER	Busca Válida de Pessoas	END	1699820107928
REQUEST		criação	1699820107922	1699820107971	OK	 
REQUEST		consulta	1699820108000	1699820108006	OK	 
USER	Criação E Talvez Consulta de Pessoas	END	1699820108007
USER	Busca Válida de Pessoas	START	1699820108422
USER	Busca Inválida de Pessoas	START	1699820108423
REQUEST		busca válida	1699820108423	1699820108427	KO	status.find.in([200, 209], 304), found 500
USER	Busca Válida de Pessoas	END	1699820108428
REQUEST		busca inválida	1699820108422	1699820108469	OK	 
USER	Busca Inválida de Pessoas	END	1699820108470
USER	Criação E Talvez Consulta de Pessoas	START	1699820108610
REQUEST		criação	1699820108610	1699820108682	OK	 
USER	Criação E Talvez Consulta de Pessoas	START	1699820108701
USER	Criação E Talvez Consulta de Pessoas	START	1699820108711
REQUEST		consulta	1699820108687	1699820108769	OK	 
USER	Criação E Talvez Consulta de Pessoas	END	1699820108770
REQUEST		criação	1699820108702	1699820108774	OK	 
USER	Criação E Talvez Consulta de Pessoas	START	1699820108803
USER	Criação E Talvez Consulta de Pessoas	START	1699820108809
REQUEST		criação	1699820108711	1699820108868	OK	 
USER	Criação E Talvez Consulta de Pessoas	START	1699820108869
REQUEST		criação	1699820108804	1699820108869	OK	 
USER	Criação E Talvez Consulta de Pessoas	END	1699820108878
USER	Busca Válida de Pessoas	START	1699820108921
USER	Busca Inválida de Pessoas	START	1699820108922
REQUEST		busca inválida	1699820108922	1699820108968	OK	 
REQUEST		consulta	1699820108804	1699820108968	OK	 
USER	Busca Inválida de Pessoas	END	1699820108969
USER	Criação E Talvez Consulta de Pessoas	END	1699820108969
USER	Criação E Talvez Consulta de Pessoas	START	1699820108969
REQUEST		busca válida	1699820108922	1699820108970	KO	status.find.in([200, 209], 304), found 500
USER	Busca Válida de Pessoas	END	1699820108971
REQUEST		criação	1699820108870	1699820108977	OK	 
USER	Criação E Talvez Consulta de Pessoas	START	1699820108979
USER	Criação E Talvez Consulta de Pessoas	START	1699820109012
REQUEST		consulta	1699820108876	1699820109068	OK	 
REQUEST		criação	1699820108970	1699820109068	OK	 
USER	Criação E Talvez Consulta de Pessoas	END	1699820109068
REQUEST		criação	1699820108979	1699820109073	OK	 
USER	Criação E Talvez Consulta de Pessoas	END	1699820109085
REQUEST		consulta	1699820109083	1699820109086	OK	 
USER	Criação E Talvez Consulta de Pessoas	END	1699820109087
USER	Criação E Talvez Consulta de Pessoas	START	1699820109133
REQUEST		consulta	1699820108980	1699820109175	OK	 
REQUEST		criação	1699820108809	1699820109175	OK	 
USER	Criação E Talvez Consulta de Pessoas	END	1699820109176
REQUEST		consulta	1699820109205	1699820109208	OK	 
USER	Criação E Talvez Consulta de Pessoas	END	1699820109209
REQUEST		criação	1699820109013	1699820109269	OK	 
REQUEST		criação	1699820109133	1699820109281	OK	 
USER	Criação E Talvez Consulta de Pessoas	END	1699820109283
REQUEST		consulta	1699820109298	1699820109369	OK	 
USER	Criação E Talvez Consulta de Pessoas	END	1699820109370
USER	Busca Válida de Pessoas	START	1699820109422
USER	Busca Inválida de Pessoas	START	1699820109422
REQUEST		busca inválida	1699820109422	1699820109425	OK	 
USER	Busca Inválida de Pessoas	END	1699820109425
REQUEST		busca válida	1699820109422	1699820109426	KO	status.find.in([200, 209], 304), found 500
USER	Busca Válida de Pessoas	END	1699820109426
USER	Criação E Talvez Consulta de Pessoas	START	1699820109568
USER	Criação E Talvez Consulta de Pessoas	START	1699820109582
REQUEST		criação	1699820109569	1699820109583	OK	 
REQUEST		criação	1699820109583	1699820109589	OK	 
REQUEST		consulta	1699820109590	1699820109594	OK	 
USER	Criação E Talvez Consulta de Pessoas	END	1699820109594
REQUEST		consulta	1699820109612	1699820109615	OK	 
USER	Criação E Talvez Consulta de Pessoas	END	1699820109616
USER	Criação E Talvez Consulta de Pessoas	START	1699820109651
REQUEST		criação	1699820109652	1699820109657	OK	 
REQUEST		consulta	1699820109669	1699820109672	OK	 
USER	Criação E Talvez Consulta de Pessoas	END	1699820109672
USER	Busca Válida de Pessoas	START	1699820109921
USER	Busca Inválida de Pessoas	START	1699820109922
REQUEST		busca inválida	1699820109922	1699820109924	OK	 
USER	Busca Inválida de Pessoas	END	1699820109925
REQUEST		busca válida	1699820109922	1699820109925	KO	status.find.in([200, 209], 304), found 500
USER	Busca Válida de Pessoas	END	1699820109926
USER	Criação E Talvez Consulta de Pessoas	START	1699820110126
REQUEST		criação	1699820110126	1699820110129	OK	 
USER	Criação E Talvez Consulta de Pessoas	END	1699820110149
USER	Busca Válida de Pessoas	START	1699820110422
USER	Busca Inválida de Pessoas	START	1699820110422
REQUEST		busca inválida	1699820110422	1699820110426	OK	 
USER	Busca Inválida de Pessoas	END	1699820110426
REQUEST		busca válida	1699820110422	1699820110427	KO	status.find.in([200, 209], 304), found 500
USER	Busca Válida de Pessoas	END	1699820110428
USER	Criação E Talvez Consulta de Pessoas	START	1699820110650
REQUEST		criação	1699820110651	1699820110654	OK	 
USER	Criação E Talvez Consulta de Pessoas	END	1699820110656
USER	Criação E Talvez Consulta de Pessoas	START	1699820110782
REQUEST		criação	1699820110783	1699820110796	OK	 
REQUEST		consulta	1699820110810	1699820110813	OK	 
USER	Criação E Talvez Consulta de Pessoas	END	1699820110814
USER	Busca Válida de Pessoas	START	1699820110921
USER	Busca Inválida de Pessoas	START	1699820110922
REQUEST		busca inválida	1699820110922	1699820110924	OK	 
USER	Busca Inválida de Pessoas	END	1699820110925
REQUEST		busca válida	1699820110922	1699820110925	KO	status.find.in([200, 209], 304), found 500
USER	Busca Válida de Pessoas	END	1699820110926
USER	Criação E Talvez Consulta de Pessoas	START	1699820111024
REQUEST		criação	1699820111025	1699820111030	OK	 
REQUEST		consulta	1699820111042	1699820111044	OK	 
USER	Criação E Talvez Consulta de Pessoas	END	1699820111045
USER	Busca Válida de Pessoas	START	1699820111422
USER	Busca Inválida de Pessoas	START	1699820111423
REQUEST		busca inválida	1699820111422	1699820111425	OK	 
USER	Busca Inválida de Pessoas	END	1699820111426
REQUEST		busca válida	1699820111422	1699820111426	KO	status.find.in([200, 209], 304), found 500
USER	Busca Válida de Pessoas	END	1699820111427
USER	Criação E Talvez Consulta de Pessoas	START	1699820111902
USER	Busca Válida de Pessoas	START	1699820111921
USER	Busca Inválida de Pessoas	START	1699820111922
REQUEST		busca válida	1699820111922	1699820111925	KO	status.find.in([200, 209], 304), found 500
USER	Busca Válida de Pessoas	END	1699820111926
REQUEST		criação	1699820111903	1699820111968	OK	 
REQUEST		busca inválida	1699820111922	1699820111969	OK	 
USER	Busca Inválida de Pessoas	END	1699820111970
REQUEST		consulta	1699820111994	1699820111997	OK	 
USER	Criação E Talvez Consulta de Pessoas	END	1699820111998
USER	Criação E Talvez Consulta de Pessoas	START	1699820112188
USER	Criação E Talvez Consulta de Pessoas	START	1699820112233
REQUEST		criação	1699820112235	1699820112243	OK	 
REQUEST		consulta	1699820112250	1699820112368	OK	 
REQUEST		criação	1699820112189	1699820112368	OK	 
USER	Criação E Talvez Consulta de Pessoas	END	1699820112369
USER	Criação E Talvez Consulta de Pessoas	START	1699820112378
REQUEST		criação	1699820112379	1699820112386	OK	 
REQUEST		consulta	1699820112390	1699820112393	OK	 
USER	Criação E Talvez Consulta de Pessoas	END	1699820112394
REQUEST		consulta	1699820112396	1699820112401	OK	 
USER	Criação E Talvez Consulta de Pessoas	END	1699820112402
USER	Busca Válida de Pessoas	START	1699820112422
USER	Busca Inválida de Pessoas	START	1699820112423
REQUEST		busca inválida	1699820112423	1699820112426	OK	 
USER	Busca Inválida de Pessoas	END	1699820112426
REQUEST		busca válida	1699820112423	1699820112426	KO	status.find.in([200, 209], 304), found 500
USER	Busca Válida de Pessoas	END	1699820112427
USER	Criação E Talvez Consulta de Pessoas	START	1699820112695
REQUEST		criação	1699820112696	1699820112704	OK	 
REQUEST		consulta	1699820112727	1699820112729	OK	 
USER	Criação E Talvez Consulta de Pessoas	END	1699820112730
USER	Busca Válida de Pessoas	START	1699820112922
USER	Busca Inválida de Pessoas	START	1699820112922
REQUEST		busca inválida	1699820112922	1699820112924	OK	 
USER	Busca Inválida de Pessoas	END	1699820112925
REQUEST		busca válida	1699820112922	1699820112926	KO	status.find.in([200, 209], 304), found 500
USER	Busca Válida de Pessoas	END	1699820112926
USER	Criação E Talvez Consulta de Pessoas	START	1699820113287
REQUEST		criação	1699820113288	1699820113294	OK	 
USER	Criação E Talvez Consulta de Pessoas	START	1699820113321
REQUEST		criação	1699820113322	1699820113328	OK	 
REQUEST		consulta	1699820113319	1699820113367	OK	 
USER	Criação E Talvez Consulta de Pessoas	END	1699820113368
USER	Busca Válida de Pessoas	START	1699820113422
USER	Busca Inválida de Pessoas	START	1699820113422
REQUEST		busca inválida	1699820113422	1699820113424	OK	 
USER	Busca Inválida de Pessoas	END	1699820113424
REQUEST		consulta	1699820113347	1699820113468	OK	 
REQUEST		busca válida	1699820113422	1699820113468	KO	status.find.in([200, 209], 304), found 500
USER	Criação E Talvez Consulta de Pessoas	END	1699820113469
USER	Busca Válida de Pessoas	END	1699820113469
USER	Criação E Talvez Consulta de Pessoas	START	1699820113728
REQUEST		criação	1699820113728	1699820113736	OK	 
REQUEST		consulta	1699820113739	1699820113742	OK	 
USER	Criação E Talvez Consulta de Pessoas	END	1699820113742
USER	Criação E Talvez Consulta de Pessoas	START	1699820113831
REQUEST		criação	1699820113832	1699820113838	OK	 
REQUEST		consulta	1699820113866	1699820113870	OK	 
USER	Criação E Talvez Consulta de Pessoas	END	1699820113870
USER	Busca Válida de Pessoas	START	1699820113921
USER	Busca Inválida de Pessoas	START	1699820113922
REQUEST		busca inválida	1699820113922	1699820113924	OK	 
USER	Busca Inválida de Pessoas	END	1699820113925
REQUEST		busca válida	1699820113922	1699820113925	KO	status.find.in([200, 209], 304), found 500
USER	Busca Válida de Pessoas	END	1699820113926
USER	Criação E Talvez Consulta de Pessoas	START	1699820114088
REQUEST		criação	1699820114089	1699820114092	OK	 
USER	Criação E Talvez Consulta de Pessoas	START	1699820114094
REQUEST		criação	1699820114094	1699820114102	OK	 
USER	Criação E Talvez Consulta de Pessoas	END	1699820114104
REQUEST		consulta	1699820114120	1699820114123	OK	 
USER	Criação E Talvez Consulta de Pessoas	END	1699820114123
USER	Criação E Talvez Consulta de Pessoas	START	1699820114213
REQUEST		criação	1699820114213	1699820114219	OK	 
REQUEST		consulta	1699820114231	1699820114234	OK	 
USER	Criação E Talvez Consulta de Pessoas	END	1699820114235
USER	Criação E Talvez Consulta de Pessoas	START	1699820114409
USER	Busca Válida de Pessoas	START	1699820114421
USER	Busca Inválida de Pessoas	START	1699820114422
REQUEST		criação	1699820114409	1699820114422	OK	 
REQUEST		busca inválida	1699820114422	1699820114424	OK	 
USER	Busca Inválida de Pessoas	END	1699820114425
REQUEST		busca válida	1699820114422	1699820114425	KO	status.find.in([200, 209], 304), found 500
USER	Busca Válida de Pessoas	END	1699820114426
USER	Criação E Talvez Consulta de Pessoas	START	1699820114451
REQUEST		consulta	1699820114452	1699820114454	OK	 
USER	Criação E Talvez Consulta de Pessoas	END	1699820114455
REQUEST		criação	1699820114452	1699820114458	OK	 
REQUEST		consulta	1699820114468	1699820114472	OK	 
USER	Criação E Talvez Consulta de Pessoas	END	1699820114472
USER	Criação E Talvez Consulta de Pessoas	START	1699820114552
REQUEST		criação	1699820114553	1699820114559	OK	 
REQUEST		consulta	1699820114579	1699820114582	OK	 
USER	Criação E Talvez Consulta de Pessoas	END	1699820114583
USER	Criação E Talvez Consulta de Pessoas	START	1699820114624
REQUEST		criação	1699820114625	1699820114631	OK	 
USER	Criação E Talvez Consulta de Pessoas	END	1699820114660
USER	Criação E Talvez Consulta de Pessoas	START	1699820114839
REQUEST		criação	1699820114839	1699820114845	OK	 
REQUEST		consulta	1699820114850	1699820114853	OK	 
USER	Criação E Talvez Consulta de Pessoas	END	1699820114853
USER	Criação E Talvez Consulta de Pessoas	START	1699820114896
REQUEST		criação	1699820114897	1699820114904	OK	 
USER	Busca Válida de Pessoas	START	1699820114921
USER	Criação E Talvez Consulta de Pessoas	START	1699820114922
USER	Busca Inválida de Pessoas	START	1699820114922
REQUEST		busca inválida	1699820114922	1699820114924	OK	 
USER	Busca Inválida de Pessoas	END	1699820114925
REQUEST		busca válida	1699820114922	1699820114926	KO	status.find.in([200, 209], 304), found 500
USER	Busca Válida de Pessoas	END	1699820114926
REQUEST		criação	1699820114922	1699820114928	OK	 
REQUEST		consulta	1699820114930	1699820114934	OK	 
USER	Criação E Talvez Consulta de Pessoas	END	1699820114935
REQUEST		consulta	1699820114950	1699820114954	OK	 
USER	Criação E Talvez Consulta de Pessoas	END	1699820114954
USER	Criação E Talvez Consulta de Pessoas	START	1699820115163
REQUEST		criação	1699820115164	1699820115170	OK	 
REQUEST		consulta	1699820115173	1699820115175	OK	 
USER	Criação E Talvez Consulta de Pessoas	END	1699820115175
USER	Criação E Talvez Consulta de Pessoas	START	1699820115368
REQUEST		criação	1699820115369	1699820115375	OK	 
REQUEST		consulta	1699820115382	1699820115385	OK	 
USER	Criação E Talvez Consulta de Pessoas	END	1699820115386
USER	Busca Válida de Pessoas	START	1699820115422
USER	Busca Inválida de Pessoas	START	1699820115423
REQUEST		busca inválida	1699820115422	1699820115424	OK	 
USER	Busca Inválida de Pessoas	END	1699820115425
REQUEST		busca válida	1699820115422	1699820115426	KO	status.find.in([200, 209], 304), found 500
USER	Busca Válida de Pessoas	END	1699820115426
USER	Criação E Talvez Consulta de Pessoas	START	1699820115528
REQUEST		criação	1699820115528	1699820115535	OK	 
REQUEST		consulta	1699820115539	1699820115541	OK	 
USER	Criação E Talvez Consulta de Pessoas	END	1699820115542
USER	Criação E Talvez Consulta de Pessoas	START	1699820115604
REQUEST		criação	1699820115605	1699820115610	OK	 
REQUEST		consulta	1699820115620	1699820115623	OK	 
USER	Criação E Talvez Consulta de Pessoas	END	1699820115623
USER	Criação E Talvez Consulta de Pessoas	START	1699820115650
REQUEST		criação	1699820115651	1699820115657	OK	 
USER	Criação E Talvez Consulta de Pessoas	START	1699820115658
REQUEST		criação	1699820115659	1699820115664	OK	 
REQUEST		consulta	1699820115668	1699820115671	OK	 
REQUEST		consulta	1699820115669	1699820115671	OK	 
USER	Criação E Talvez Consulta de Pessoas	END	1699820115672
USER	Criação E Talvez Consulta de Pessoas	END	1699820115672
USER	Criação E Talvez Consulta de Pessoas	START	1699820115691
REQUEST		criação	1699820115692	1699820115698	OK	 
REQUEST		consulta	1699820115710	1699820115713	OK	 
USER	Criação E Talvez Consulta de Pessoas	END	1699820115714
USER	Criação E Talvez Consulta de Pessoas	START	1699820115757
REQUEST		criação	1699820115758	1699820115763	OK	 
REQUEST		consulta	1699820115778	1699820115780	OK	 
USER	Criação E Talvez Consulta de Pessoas	END	1699820115781
USER	Criação E Talvez Consulta de Pessoas	START	1699820115853
REQUEST		criação	1699820115853	1699820115860	OK	 
REQUEST		consulta	1699820115864	1699820115867	OK	 
USER	Criação E Talvez Consulta de Pessoas	END	1699820115868
USER	Busca Válida de Pessoas	START	1699820115922
USER	Busca Inválida de Pessoas	START	1699820115923
REQUEST		busca inválida	1699820115922	1699820115925	OK	 
USER	Busca Inválida de Pessoas	END	1699820115925
REQUEST		busca válida	1699820115922	1699820115926	KO	status.find.in([200, 209], 304), found 500
USER	Busca Válida de Pessoas	END	1699820115927
USER	Criação E Talvez Consulta de Pessoas	START	1699820115955
REQUEST		criação	1699820115956	1699820115962	OK	 
REQUEST		consulta	1699820115971	1699820115973	OK	 
USER	Criação E Talvez Consulta de Pessoas	END	1699820115973
USER	Criação E Talvez Consulta de Pessoas	START	1699820116062
REQUEST		criação	1699820116063	1699820116068	OK	 
REQUEST		consulta	1699820116081	1699820116084	OK	 
USER	Criação E Talvez Consulta de Pessoas	END	1699820116085
USER	Criação E Talvez Consulta de Pessoas	START	1699820116095
REQUEST		criação	1699820116095	1699820116101	OK	 
REQUEST		consulta	1699820116121	1699820116124	OK	 
USER	Criação E Talvez Consulta de Pessoas	END	1699820116124
USER	Busca Válida de Pessoas	START	1699820116422
USER	Busca Inválida de Pessoas	START	1699820116423
REQUEST		busca válida	1699820116423	1699820116425	KO	j.i.IOException: Premature close
REQUEST		busca inválida	1699820116423	1699820116425	KO	j.i.IOException: Premature close
USER	Busca Válida de Pessoas	END	1699820116426
USER	Busca Inválida de Pessoas	END	1699820116426
USER	Criação E Talvez Consulta de Pessoas	START	1699820116429
REQUEST		criação	1699820116430	1699820116431	KO	j.i.IOException: Premature close
USER	Criação E Talvez Consulta de Pessoas	END	1699820116434
USER	Criação E Talvez Consulta de Pessoas	START	1699820116753
REQUEST		criação	1699820116754	1699820116754	KO	j.n.ConnectException: finishConnect(..) failed: Connection refused
USER	Criação E Talvez Consulta de Pessoas	END	1699820116776
USER	Criação E Talvez Consulta de Pessoas	START	1699820116847
REQUEST		criação	1699820116848	1699820116849	KO	j.n.ConnectException: finishConnect(..) failed: Connection refused
USER	Criação E Talvez Consulta de Pessoas	END	1699820116860
USER	Criação E Talvez Consulta de Pessoas	START	1699820116893
REQUEST		criação	1699820116894	1699820116894	KO	j.n.ConnectException: finishConnect(..) failed: Connection refused
USER	Busca Válida de Pessoas	START	1699820116921
USER	Busca Inválida de Pessoas	START	1699820116922
REQUEST		busca válida	1699820116922	1699820116923	KO	j.n.ConnectException: finishConnect(..) failed: Connection refused
REQUEST		busca inválida	1699820116922	1699820116923	KO	j.n.ConnectException: finishConnect(..) failed: Connection refused
USER	Busca Válida de Pessoas	END	1699820116923
USER	Criação E Talvez Consulta de Pessoas	END	1699820116923
USER	Busca Inválida de Pessoas	END	1699820116923
USER	Criação E Talvez Consulta de Pessoas	START	1699820116958
REQUEST		criação	1699820116959	1699820116959	KO	j.n.ConnectException: finishConnect(..) failed: Connection refused
USER	Criação E Talvez Consulta de Pessoas	END	1699820116968
USER	Criação E Talvez Consulta de Pessoas	START	1699820116996
REQUEST		criação	1699820116997	1699820116997	KO	j.n.ConnectException: finishConnect(..) failed: Connection refused
USER	Criação E Talvez Consulta de Pessoas	END	1699820117014
USER	Criação E Talvez Consulta de Pessoas	START	1699820117258
REQUEST		criação	1699820117259	1699820117260	KO	j.n.ConnectException: finishConnect(..) failed: Connection refused
USER	Criação E Talvez Consulta de Pessoas	END	1699820117261
USER	Criação E Talvez Consulta de Pessoas	START	1699820117280
REQUEST		criação	1699820117280	1699820117281	KO	j.n.ConnectException: finishConnect(..) failed: Connection refused
USER	Criação E Talvez Consulta de Pessoas	END	1699820117300
USER	Criação E Talvez Consulta de Pessoas	START	1699820117350
REQUEST		criação	1699820117351	1699820117351	KO	j.n.ConnectException: finishConnect(..) failed: Connection refused
USER	Criação E Talvez Consulta de Pessoas	END	1699820117370
USER	Criação E Talvez Consulta de Pessoas	START	1699820117392
REQUEST		criação	1699820117393	1699820117394	KO	j.n.ConnectException: finishConnect(..) failed: Connection refused
USER	Criação E Talvez Consulta de Pessoas	START	1699820117401
REQUEST		criação	1699820117401	1699820117402	KO	j.n.ConnectException: finishConnect(..) failed: Connection refused
USER	Criação E Talvez Consulta de Pessoas	END	1699820117411
USER	Criação E Talvez Consulta de Pessoas	END	1699820117416
USER	Busca Válida de Pessoas	START	1699820117422
USER	Busca Inválida de Pessoas	START	1699820117423
REQUEST		busca válida	1699820117423	1699820117423	KO	j.n.ConnectException: finishConnect(..) failed: Connection refused
REQUEST		busca inválida	1699820117423	1699820117423	KO	j.n.ConnectException: finishConnect(..) failed: Connection refused
USER	Busca Inválida de Pessoas	END	1699820117423
USER	Busca Válida de Pessoas	END	1699820117423
USER	Criação E Talvez Consulta de Pessoas	START	1699820117504
REQUEST		criação	1699820117504	1699820117505	KO	j.n.ConnectException: finishConnect(..) failed: Connection refused
USER	Criação E Talvez Consulta de Pessoas	END	1699820117526
USER	Criação E Talvez Consulta de Pessoas	START	1699820117592
REQUEST		criação	1699820117592	1699820117593	KO	j.n.ConnectException: finishConnect(..) failed: Connection refused
USER	Criação E Talvez Consulta de Pessoas	END	1699820117621
USER	Criação E Talvez Consulta de Pessoas	START	1699820117717
REQUEST		criação	1699820117718	1699820117718	KO	