RUN	RinhaBackendSimulation	rinhabackendsimulation	1699928678159	DESCRICAO	3.9.5
USER	Criação E Talvez Consulta de Pessoas	START	1699928679350
USER	Busca Válida de Pessoas	START	1699928679350
USER	Busca Inválida de Pessoas	START	1699928679377
USER	Busca Válida de Pessoas	START	1699928679830
USER	Busca Inválida de Pessoas	START	1699928679832
USER	Criação E Talvez Consulta de Pessoas	START	1699928679833
USER	Busca Válida de Pessoas	START	1699928680330
USER	Busca Inválida de Pessoas	START	1699928680332
USER	Criação E Talvez Consulta de Pessoas	START	1699928680332
USER	Busca Válida de Pessoas	START	1699928680831
USER	Busca Inválida de Pessoas	START	1699928680834
USER	Criação E Talvez Consulta de Pessoas	START	1699928680835
USER	Busca Válida de Pessoas	START	1699928681332
USER	Criação E Talvez Consulta de Pessoas	START	1699928681334
USER	Busca Inválida de Pessoas	START	1699928681335
USER	Criação E Talvez Consulta de Pessoas	START	1699928681830
USER	Busca Válida de Pessoas	START	1699928681830
USER	Busca Inválida de Pessoas	START	1699928681831
USER	Busca Válida de Pessoas	START	1699928682330
USER	Criação E Talvez Consulta de Pessoas	START	1699928682331
USER	Busca Inválida de Pessoas	START	1699928682354
USER	Criação E Talvez Consulta de Pessoas	START	1699928682829
USER	Busca Válida de Pessoas	START	1699928682829
USER	Busca Inválida de Pessoas	START	1699928682831
USER	Busca Válida de Pessoas	START	1699928683330
USER	Criação E Talvez Consulta de Pessoas	START	1699928683330
USER	Busca Inválida de Pessoas	START	1699928683332
USER	Busca Válida de Pessoas	START	1699928683829
USER	Criação E Talvez Consulta de Pessoas	START	1699928683829
USER	Busca Inválida de Pessoas	START	1699928683830
USER	Busca Válida de Pessoas	START	1699928684330
USER	Criação E Talvez Consulta de Pessoas	START	1699928684331
USER	Busca Inválida de Pessoas	START	1699928684331
USER	Criação E Talvez Consulta de Pessoas	START	1699928684829
USER	Busca Válida de Pessoas	START	1699928684829
USER	Busca Inválida de Pessoas	START	1699928684830
REQUEST		busca inválida	1699928680331	1699928684830	OK	 
USER	Busca Inválida de Pessoas	END	1699928684858
REQUEST		busca inválida	1699928679372	1699928684928	OK	 
REQUEST		busca inválida	1699928682830	1699928684929	OK	 
USER	Busca Inválida de Pessoas	END	1699928684929
USER	Busca Inválida de Pessoas	END	1699928684930
REQUEST		busca inválida	1699928684330	1699928685130	OK	 
REQUEST		busca inválida	1699928684829	1699928685130	OK	 
USER	Busca Inválida de Pessoas	END	1699928685131
USER	Busca Inválida de Pessoas	END	1699928685132
REQUEST		busca inválida	1699928681334	1699928685229	OK	 
USER	Busca Inválida de Pessoas	END	1699928685230
USER	Busca Válida de Pessoas	START	1699928685330
USER	Criação E Talvez Consulta de Pessoas	START	1699928685330
USER	Busca Inválida de Pessoas	START	1699928685330
USER	Busca Válida de Pessoas	START	1699928685829
USER	Criação E Talvez Consulta de Pessoas	START	1699928685830
USER	Busca Inválida de Pessoas	START	1699928685830
USER	Busca Válida de Pessoas	START	1699928686329
USER	Criação E Talvez Consulta de Pessoas	START	1699928686330
USER	Busca Inválida de Pessoas	START	1699928686332
USER	Busca Válida de Pessoas	START	1699928686829
USER	Criação E Talvez Consulta de Pessoas	START	1699928686829
USER	Busca Inválida de Pessoas	START	1699928686830
USER	Busca Válida de Pessoas	START	1699928687329
USER	Criação E Talvez Consulta de Pessoas	START	1699928687330
USER	Busca Inválida de Pessoas	START	1699928687330
USER	Criação E Talvez Consulta de Pessoas	START	1699928687829
USER	Busca Válida de Pessoas	START	1699928687829
USER	Busca Inválida de Pessoas	START	1699928687830
USER	Busca Válida de Pessoas	START	1699928688329
USER	Criação E Talvez Consulta de Pessoas	START	1699928688329
USER	Busca Inválida de Pessoas	START	1699928688331
USER	Criação E Talvez Consulta de Pessoas	START	1699928688829
USER	Busca Válida de Pessoas	START	1699928688829
USER	Busca Inválida de Pessoas	START	1699928688831
REQUEST		busca inválida	1699928680832	1699928688930	OK	 
USER	Busca Inválida de Pessoas	END	1699928688932
REQUEST		busca inválida	1699928686829	1699928689028	OK	 
REQUEST		busca inválida	1699928681830	1699928689028	OK	 
REQUEST		busca inválida	1699928679830	1699928689028	OK	 
USER	Busca Inválida de Pessoas	END	1699928689029
USER	Busca Inválida de Pessoas	END	1699928689029
USER	Busca Inválida de Pessoas	END	1699928689030
REQUEST		busca inválida	1699928682330	1699928689132	OK	 
USER	Busca Inválida de Pessoas	END	1699928689133
USER	Busca Válida de Pessoas	START	1699928689329
USER	Busca Inválida de Pessoas	START	1699928689331
REQUEST		busca inválida	1699928686330	1699928689429	OK	 
USER	Busca Inválida de Pessoas	END	1699928689430
REQUEST		busca inválida	1699928687830	1699928689729	OK	 
REQUEST		busca inválida	1699928687329	1699928689729	OK	 
REQUEST		busca inválida	1699928689330	1699928689729	OK	 
USER	Busca Inválida de Pessoas	END	1699928689730
USER	Busca Inválida de Pessoas	END	1699928689731
USER	Busca Inválida de Pessoas	END	1699928689731
REQUEST		busca inválida	1699928688830	1699928689829	OK	 
USER	Busca Válida de Pessoas	START	1699928689830
USER	Busca Inválida de Pessoas	END	1699928689830
USER	Busca Inválida de Pessoas	START	1699928689830
USER	Criação E Talvez Consulta de Pessoas	START	1699928690089
USER	Criação E Talvez Consulta de Pessoas	START	1699928690161
USER	Busca Válida de Pessoas	START	1699928690329
USER	Busca Inválida de Pessoas	START	1699928690330
USER	Criação E Talvez Consulta de Pessoas	START	1699928690723
USER	Criação E Talvez Consulta de Pessoas	START	1699928690763
USER	Busca Válida de Pessoas	START	1699928690829
USER	Busca Inválida de Pessoas	START	1699928690831
USER	Criação E Talvez Consulta de Pessoas	START	1699928690865
USER	Criação E Talvez Consulta de Pessoas	START	1699928690868
USER	Busca Válida de Pessoas	START	1699928691330
USER	Busca Inválida de Pessoas	START	1699928691330
USER	Criação E Talvez Consulta de Pessoas	START	1699928691453
USER	Criação E Talvez Consulta de Pessoas	START	1699928691559
USER	Criação E Talvez Consulta de Pessoas	START	1699928691789
USER	Criação E Talvez Consulta de Pessoas	START	1699928691808
USER	Busca Válida de Pessoas	START	1699928691829
USER	Busca Inválida de Pessoas	START	1699928691830
REQUEST		busca válida	1699928681831	1699928691930	OK	 
REQUEST		busca válida	1699928685331	1699928691930	OK	 
REQUEST		busca válida	1699928684331	1699928691930	OK	 
REQUEST		busca válida	1699928679831	1699928691931	OK	 
REQUEST		busca válida	1699928683331	1699928691931	OK	 
REQUEST		busca válida	1699928680331	1699928691931	OK	 
USER	Busca Válida de Pessoas	END	1699928691936
USER	Busca Válida de Pessoas	END	1699928691936
USER	Busca Válida de Pessoas	END	1699928691936
USER	Busca Válida de Pessoas	END	1699928691936
USER	Busca Válida de Pessoas	END	1699928691936
USER	Busca Válida de Pessoas	END	1699928691936
REQUEST		criação	1699928690764	1699928691933	OK	 
REQUEST		criação	1699928679372	1699928691931	OK	 
REQUEST		criação	1699928684332	1699928691931	OK	 
REQUEST		busca válida	1699928679372	1699928691946	OK	 
USER	Busca Válida de Pessoas	END	1699928691948
USER	Criação E Talvez Consulta de Pessoas	END	1699928691973
REQUEST		busca inválida	1699928685830	1699928692029	OK	 
REQUEST		busca inválida	1699928683829	1699928692029	OK	 
REQUEST		busca inválida	1699928688330	1699928692029	OK	 
REQUEST		busca inválida	1699928685329	1699928692029	OK	 
REQUEST		busca inválida	1699928690329	1699928692030	OK	 
REQUEST		busca inválida	1699928683330	1699928692030	OK	 
USER	Busca Inválida de Pessoas	END	1699928692030
USER	Busca Inválida de Pessoas	END	1699928692031
USER	Busca Inválida de Pessoas	END	1699928692031
USER	Busca Inválida de Pessoas	END	1699928692031
USER	Busca Inválida de Pessoas	END	1699928692031
USER	Busca Inválida de Pessoas	END	1699928692031
USER	Criação E Talvez Consulta de Pessoas	START	1699928692241
USER	Busca Válida de Pessoas	START	1699928692329
USER	Busca Inválida de Pessoas	START	1699928692331
REQUEST		busca inválida	1699928691830	1699928692428	OK	 
REQUEST		busca inválida	1699928690830	1699928692428	OK	 
REQUEST		busca inválida	1699928689829	1699928692428	OK	 
REQUEST		criação	1699928683830	1699928692428	OK	 
USER	Busca Inválida de Pessoas	END	1699928692429
USER	Busca Inválida de Pessoas	END	1699928692429
USER	Busca Inválida de Pessoas	END	1699928692430
REQUEST		busca inválida	1699928692330	1699928692432	OK	 
USER	Busca Inválida de Pessoas	END	1699928692433
USER	Criação E Talvez Consulta de Pessoas	END	1699928692452
REQUEST		criação	1699928683331	1699928692528	OK	 
REQUEST		criação	1699928690869	1699928692628	OK	 
REQUEST		busca inválida	1699928691329	1699928692728	OK	 
REQUEST		busca válida	1699928690831	1699928692728	OK	 
REQUEST		criação	1699928691560	1699928692728	OK	 
REQUEST		criação	1699928692242	1699928692728	OK	 
USER	Busca Inválida de Pessoas	END	1699928692729
USER	Busca Válida de Pessoas	END	1699928692729
USER	Criação E Talvez Consulta de Pessoas	END	1699928692755
USER	Criação E Talvez Consulta de Pessoas	START	1699928692825
USER	Busca Válida de Pessoas	START	1699928692828
USER	Busca Inválida de Pessoas	START	1699928692831
REQUEST		busca válida	1699928691830	1699928692928	OK	 
REQUEST		busca válida	1699928685830	1699928692928	OK	 
USER	Busca Válida de Pessoas	END	1699928692929
USER	Busca Válida de Pessoas	END	1699928692929
REQUEST		criação	1699928691809	1699928693230	OK	 
USER	Busca Válida de Pessoas	START	1699928693329
USER	Busca Inválida de Pessoas	START	1699928693330
USER	Criação E Talvez Consulta de Pessoas	START	1699928693421
USER	Criação E Talvez Consulta de Pessoas	START	1699928693428
REQUEST		busca inválida	1699928692830	1699928693428	OK	 
REQUEST		criação	1699928691790	1699928693428	OK	 
USER	Busca Inválida de Pessoas	END	1699928693429
USER	Criação E Talvez Consulta de Pessoas	END	1699928693434
REQUEST		criação	1699928680333	1699928693527	OK	 
USER	Criação E Talvez Consulta de Pessoas	START	1699928693602
REQUEST		busca válida	1699928686830	1699928693628	OK	 
USER	Busca Válida de Pessoas	END	1699928693629
REQUEST		busca válida	1699928692830	1699928693728	OK	 
REQUEST		criação	1699928681335	1699928693728	OK	 
REQUEST		criação	1699928680836	1699928693728	OK	 
REQUEST		criação	1699928682332	1699928693728	OK	 
USER	Busca Válida de Pessoas	END	1699928693730
USER	Criação E Talvez Consulta de Pessoas	START	1699928693824
USER	Busca Válida de Pessoas	START	1699928693829
REQUEST		busca válida	1699928686330	1699928693829	OK	 
USER	Busca Válida de Pessoas	END	1699928693830
USER	Busca Inválida de Pessoas	START	1699928693830
REQUEST		busca válida	1699928688330	1699928693833	OK	 
USER	Busca Válida de Pessoas	END	1699928693834
USER	Criação E Talvez Consulta de Pessoas	START	1699928693955
REQUEST		busca válida	1699928693330	1699928694029	OK	 
REQUEST		busca inválida	1699928693829	1699928694029	OK	 
REQUEST		busca válida	1699928689831	1699928694029	OK	 
REQUEST		criação	1699928693604	1699928694029	OK	 
REQUEST		criação	1699928690162	1699928694029	OK	 
REQUEST		criação	1699928687332	1699928694029	OK	 
REQUEST		criação	1699928679834	1699928694029	OK	 
USER	Busca Válida de Pessoas	END	1699928694030
USER	Busca Inválida de Pessoas	END	1699928694031
USER	Busca Válida de Pessoas	END	1699928694031
REQUEST		busca válida	1699928690331	1699928694031	OK	 
USER	Criação E Talvez Consulta de Pessoas	END	1699928694032
REQUEST		criação	1699928688330	1699928694031	OK	 
REQUEST		criação	1699928686331	1699928694031	OK	 
USER	Busca Válida de Pessoas	END	1699928694033
REQUEST		criação	1699928693422	1699928694228	OK	 
REQUEST		consulta	1699928691957	1699928694229	OK	 
REQUEST		consulta	1699928693236	1699928694230	OK	 
USER	Criação E Talvez Consulta de Pessoas	END	1699928694230
USER	Criação E Talvez Consulta de Pessoas	END	1699928694231
REQUEST		busca inválida	1699928693329	1699928694231	OK	 
USER	Busca Inválida de Pessoas	END	1699928694232
USER	Criação E Talvez Consulta de Pessoas	START	1699928694263
REQUEST		consulta	1699928692556	1699928694327	OK	 
USER	Busca Válida de Pessoas	START	1699928694328
USER	Criação E Talvez Consulta de Pessoas	END	1699928694329
USER	Busca Inválida de Pessoas	START	1699928694330
REQUEST		consulta	1699928692747	1699928694427	OK	 
REQUEST		consulta	1699928694037	1699928694427	OK	 
REQUEST		consulta	1699928694060	1699928694427	OK	 
REQUEST		consulta	1699928694230	1699928694427	OK	 
USER	Criação E Talvez Consulta de Pessoas	END	1699928694429
USER	Criação E Talvez Consulta de Pessoas	END	1699928694429
USER	Criação E Talvez Consulta de Pessoas	END	1699928694429
USER	Criação E Talvez Consulta de Pessoas	END	1699928694429
REQUEST		consulta	1699928693751	1699928694430	OK	 
USER	Criação E Talvez Consulta de Pessoas	END	1699928694431
REQUEST		busca válida	1699928694330	1699928694432	OK	 
USER	Busca Válida de Pessoas	END	1699928694433
REQUEST		criação	1699928694264	1699928694530	OK	 
REQUEST		criação	1699928693429	1699928694534	OK	 
USER	Criação E Talvez Consulta de Pessoas	END	1699928694552
REQUEST		busca inválida	1699928694329	1699928694728	OK	 
USER	Busca Inválida de Pessoas	END	1699928694729
USER	Busca Válida de Pessoas	START	1699928694829
USER	Busca Inválida de Pessoas	START	1699928694830
USER	Criação E Talvez Consulta de Pessoas	START	1699928694908
REQUEST		busca inválida	1699928694829	1699928694928	OK	 
USER	Busca Inválida de Pessoas	END	1699928694929
REQUEST		busca válida	1699928694830	1699928694931	OK	 
USER	Busca Válida de Pessoas	END	1699928694932
USER	Criação E Talvez Consulta de Pessoas	START	1699928695083
REQUEST		criação	1699928695084	1699928695130	OK	 
USER	Busca Válida de Pessoas	START	1699928695330
USER	Busca Inválida de Pessoas	START	1699928695330
USER	Criação E Talvez Consulta de Pessoas	START	1699928695365
USER	Criação E Talvez Consulta de Pessoas	START	1699928695390
REQUEST		busca inválida	1699928695329	1699928695427	OK	 
USER	Busca Inválida de Pessoas	END	1699928695429
REQUEST		criação	1699928695366	1699928695434	OK	 
USER	Criação E Talvez Consulta de Pessoas	START	1699928695671
REQUEST		criação	1699928695673	1699928695730	OK	 
USER	Busca Válida de Pessoas	START	1699928695829
USER	Busca Inválida de Pessoas	START	1699928695830
USER	Criação E Talvez Consulta de Pessoas	START	1699928695906
REQUEST		busca válida	1699928695830	1699928695935	OK	 
REQUEST		criação	1699928695907	1699928695935	OK	 
USER	Busca Válida de Pessoas	END	1699928695936
USER	Criação E Talvez Consulta de Pessoas	START	1699928696160
REQUEST		criação	1699928696161	1699928696231	OK	 
USER	Busca Válida de Pessoas	START	1699928696330
USER	Busca Inválida de Pessoas	START	1699928696331
REQUEST		busca inválida	1699928696330	1699928696427	OK	 
REQUEST		busca inválida	1699928695830	1699928696427	OK	 
USER	Busca Inválida de Pessoas	END	1699928696428
USER	Busca Inválida de Pessoas	END	1699928696429
USER	Busca Válida de Pessoas	START	1699928696829
USER	Busca Inválida de Pessoas	START	1699928696830
USER	Criação E Talvez Consulta de Pessoas	START	1699928696919
REQUEST		busca inválida	1699928696829	1699928696928	OK	 
USER	Busca Inválida de Pessoas	END	1699928696929
USER	Criação E Talvez Consulta de Pessoas	START	1699928696936
REQUEST		criação	1699928696920	1699928697028	OK	 
USER	Criação E Talvez Consulta de Pessoas	START	1699928697032
USER	Criação E Talvez Consulta de Pessoas	START	1699928697158
REQUEST		criação	1699928697033	1699928697328	OK	 
USER	Busca Válida de Pessoas	START	1699928697330
USER	Busca Inválida de Pessoas	START	1699928697330
REQUEST		busca inválida	1699928697329	1699928697336	OK	 
USER	Busca Inválida de Pessoas	END	1699928697336
USER	Criação E Talvez Consulta de Pessoas	START	1699928697469
USER	Criação E Talvez Consulta de Pessoas	START	1699928697497
REQUEST		criação	1699928697498	1699928697628	OK	 
USER	Busca Válida de Pessoas	START	1699928697828
USER	Busca Inválida de Pessoas	START	1699928697831
USER	